<?xml version="1.0" encoding="UTF-8"?>
<!-- Generated by org.testng.reporters.JUnitReportReporter -->
<testsuite hostname="DESKTOP-H7IFQSF" failures="0" tests="5" name="RestFirst.FirstRestclass" time="8.625" errors="0" timestamp="2023-06-25T12:15:16 IST" skipped="0">
  <testcase classname="RestFirst.FirstRestclass" name="CreatUser" time="6.022"/>
  <system-out/>
  <testcase classname="RestFirst.FirstRestclass" name="updateuser" time="0.726"/>
  <system-out/>
  <testcase classname="RestFirst.FirstRestclass" name="deleteusers" time="0.892"/>
  <system-out/>
  <testcase classname="RestFirst.FirstRestclass" name="CreateUser" time="0.613"/>
  <system-out/>
  <testcase classname="RestFirst.FirstRestclass" name="getusers" time="0.372"/>
  <system-out/>
</testsuite> <!-- RestFirst.FirstRestclass -->
