<?xml version="1.0" encoding="UTF-8"?>
<!-- Generated by org.testng.reporters.JUnitReportReporter -->
<testsuite hostname="DESKTOP-H7IFQSF" failures="0" tests="8" name="BlueST.BluestTestClass" time="253.024" errors="0" timestamp="2023-06-27T22:08:35 IST" skipped="0">
  <testcase classname="BlueST.BluestTestClass" name="Test7" time="11.739"/>
  <system-out/>
  <testcase classname="BlueST.BluestTestClass" name="Test2" time="15.008"/>
  <system-out/>
  <testcase classname="BlueST.BluestTestClass" name="Test5" time="137.029"/>
  <system-out/>
  <testcase classname="BlueST.BluestTestClass" name="Test1" time="11.505"/>
  <system-out/>
  <testcase classname="BlueST.BluestTestClass" name="Test3" time="12.636"/>
  <system-out/>
  <testcase classname="BlueST.BluestTestClass" name="Test6" time="25.830"/>
  <system-out/>
  <testcase classname="BlueST.BluestTestClass" name="Test8" time="22.013"/>
  <system-out/>
  <testcase classname="BlueST.BluestTestClass" name="Test4" time="17.264"/>
  <system-out/>
</testsuite> <!-- BlueST.BluestTestClass -->
