<?xml version="1.0" encoding="UTF-8"?>
<!-- Generated by org.testng.reporters.JUnitReportReporter -->
<testsuite hostname="DESKTOP-H7IFQSF" failures="0" tests="1" name="bluestone.BluestTestClass" time="25.549" errors="0" timestamp="2023-06-28T13:12:09 IST" skipped="0">
  <testcase classname="bluestone.BluestTestClass" name="Test5" time="25.549"/>
  <system-out/>
</testsuite> <!-- bluestone.BluestTestClass -->
